11:48:12.033 [main] INFO  org.testng.internal.Utils- [TestNG] Running:
  C:\Workspace\Java Projects\OpencartV121\master.xml

11:36:12.145 [main] DEBUG org.testng.TestNG- suiteXmlPath: "C:\Workspace\Java Projects\OpencartV121\master.xml"
11:37:15.357 [main] DEBUG org.testng.TestNG- suiteXmlPath: "C:\Workspace\Java Projects\OpencartV121\master.xml"
11:37:15.924 [main] INFO  org.testng.internal.Utils- [TestNG] Running:
  C:\Workspace\Java Projects\OpencartV121\master.xml

11:41:14.554 [main] DEBUG org.testng.TestNG- suiteXmlPath: "C:\Workspace\Java Projects\OpencartV121\master.xml"
11:41:26.624 [main] INFO  testCases.TC001_AccountRegistrationTest- **Starting TC001_AccountRegistrationTest **
11:41:26.854 [main] INFO  testCases.TC001_AccountRegistrationTest- Clicked on MyAccount link
11:41:27.341 [main] INFO  testCases.TC001_AccountRegistrationTest- Clicked on Register link
11:41:27.352 [main] INFO  testCases.TC001_AccountRegistrationTest- Providing customer details..
11:41:28.867 [main] INFO  testCases.TC001_AccountRegistrationTest- Validating expected message..
11:41:28.925 [main] INFO  testCases.TC001_AccountRegistrationTest- **Finished TC001_AccountRegistrationTest**
11:41:32.352 [main] INFO  testCases.TC002_LoginTest- **Starting TC002_LoginTest*
11:41:33.971 [main] INFO  testCases.TC002_LoginTest- **Finished TC002_LoginTest*
11:56:00.937 [main] DEBUG org.testng.TestNG- suiteXmlPath: "C:\Workspace\Java Projects\OpencartV121\master.xml"
11:56:10.246 [main] INFO  testCases.TC001_AccountRegistrationTest- **Starting TC001_AccountRegistrationTest **
11:56:10.526 [main] INFO  testCases.TC001_AccountRegistrationTest- Clicked on MyAccount link
11:56:11.064 [main] INFO  testCases.TC001_AccountRegistrationTest- Clicked on Register link
11:56:11.070 [main] INFO  testCases.TC001_AccountRegistrationTest- Providing customer details..
11:56:13.788 [main] INFO  testCases.TC001_AccountRegistrationTest- Validating expected message..
11:56:13.994 [main] INFO  testCases.TC001_AccountRegistrationTest- **Finished TC001_AccountRegistrationTest**
11:56:19.050 [main] INFO  testCases.TC002_LoginTest- **Starting TC002_LoginTest*
11:56:21.571 [main] INFO  testCases.TC002_LoginTest- **Finished TC002_LoginTest*
12:06:01.409 [main] DEBUG org.testng.TestNG- suiteXmlPath: "C:\Workspace\Java Projects\OpencartV121\master.xml"
12:06:10.359 [main] INFO  testCases.TC001_AccountRegistrationTest- **Starting TC001_AccountRegistrationTest **
12:06:10.585 [main] INFO  testCases.TC001_AccountRegistrationTest- Clicked on MyAccount link
12:06:11.185 [main] INFO  testCases.TC001_AccountRegistrationTest- Clicked on Register link
12:06:11.193 [main] INFO  testCases.TC001_AccountRegistrationTest- Providing customer details..
12:06:13.033 [main] INFO  testCases.TC001_AccountRegistrationTest- Validating expected message..
12:06:13.090 [main] INFO  testCases.TC001_AccountRegistrationTest- **Finished TC001_AccountRegistrationTest**
12:06:17.630 [main] INFO  testCases.TC002_LoginTest- **Starting TC002_LoginTest*
12:06:20.273 [main] INFO  testCases.TC002_LoginTest- **Finished TC002_LoginTest*
